[02/Nov/2019 16:08:42] INFO [MYAPP:100] USER LOGGED IN subbu
[02/Nov/2019 16:36:22] INFO [MYAPP:119] USER LOGGED IN subbu
[02/Nov/2019 16:48:55] INFO [MYAPP:124] USER LOGGED IN subbu
[02/Nov/2019 16:49:28] INFO [MYAPP:124] USER LOGGED IN subbu
[02/Nov/2019 17:04:54] INFO [MYAPP:101] NEW USER REGISTERED Rishi
[02/Nov/2019 17:05:05] INFO [MYAPP:124] USER LOGGED IN Rishi
[02/Nov/2019 17:09:28] INFO [MYAPP:124] USER LOGGED IN Rishi
[02/Nov/2019 17:14:36] INFO [MYAPP:124] USER LOGGED IN Rishi
[02/Nov/2019 17:18:51] INFO [MYAPP:124] USER LOGGED IN Rishi
[02/Nov/2019 17:31:38] INFO [MYAPP:124] USER LOGGED IN Rishi
[02/Nov/2019 17:32:17] INFO [MYAPP:124] USER LOGGED IN Rishi
[02/Nov/2019 17:41:29] INFO [MYAPP:126] USER LOGGED IN Rishi
[02/Nov/2019 17:44:17] INFO [MYAPP:103] NEW USER REGISTERED arun
[02/Nov/2019 17:44:27] INFO [MYAPP:126] USER LOGGED IN arun
[02/Nov/2019 18:00:35] INFO [MYAPP:109] NEW USER REGISTERED harshini
[02/Nov/2019 18:00:46] INFO [MYAPP:132] USER LOGGED IN harshini
[02/Nov/2019 18:02:25] INFO [MYAPP:78] USER Voted 
[02/Nov/2019 18:12:53] INFO [MYAPP:78] USER Voted harshini
[02/Nov/2019 14:05:32] INFO [MYAPP:132] USER LOGGED IN Subu17
[02/Nov/2019 14:06:52] INFO [MYAPP:109] NEW USER REGISTERED Var123
[02/Nov/2019 14:07:10] INFO [MYAPP:132] USER LOGGED IN Var123
[02/Nov/2019 14:11:23] INFO [MYAPP:132] USER LOGGED IN Var123
[02/Nov/2019 14:52:59] INFO [MYAPP:132] USER LOGGED IN Var123
[02/Nov/2019 15:23:58] INFO [MYAPP:109] NEW USER REGISTERED SUB12
[02/Nov/2019 15:30:02] INFO [MYAPP:109] NEW USER REGISTERED Subu1705
[02/Nov/2019 15:37:13] INFO [MYAPP:109] NEW USER REGISTERED Subbu18
[02/Nov/2019 15:49:16] INFO [MYAPP:109] NEW USER REGISTERED Subbu19
[02/Nov/2019 15:58:42] INFO [MYAPP:132] USER LOGGED IN Subbu19
[02/Nov/2019 16:21:39] INFO [MYAPP:132] USER LOGGED IN Var123
[02/Nov/2019 16:22:13] INFO [MYAPP:61] USER Voted Var123
[02/Nov/2019 23:50:01] INFO [MYAPP:132] USER LOGGED IN Subbu19
[03/Nov/2019 00:05:53] INFO [MYAPP:61] USER Voted Subbu19
[03/Nov/2019 00:06:24] INFO [MYAPP:132] USER LOGGED IN Subbu19
